2017-02-10 4:29:34 - MOD: Modification Default
FILE: system/engine/action.php
REGEX: ~(require|include)(_once)?\(([^)]+)~
LINE: 58
FILE: system/engine/loader.php
REGEX: ~(require|include)(_once)?\(([^)]+)~
LINE: 20
LINE: 37
LINE: 54
LINE: 65
FILE: system/library/config.php
REGEX: ~(require|include)(_once)?\(([^)]+)~
LINE: 23
FILE: system/library/language.php
REGEX: ~(require|include)(_once)?\(([^)]+)~
LINE: 21
LINE: 27
----------------------------------------------------------------
MOD: Journal2
CODE: public function __construct($registry) {
LINE: 15
FILE: admin/controller/common/menu.php
CODE: $this->load->language('common/menu');
LINE: 3
FILE: admin/view/template/common/menu.tpl
CODE: <li><a class="parent"><?php echo $text_marketing; ?></a>
LINE: 190
FILE: admin/controller/common/column_left.php
CODE: $this->load->language('common/column_left');
NOT FOUND!
FILE: admin/view/template/common/column_left.tpl
CODE: <div id="stats">
NOT FOUND!
FILE: admin/controller/marketing/contact.php
CODE: $this->load->model('sale/customer');
LINE: 97
CODE: $email_total = $this->model_sale_customer->getTotalCustomers($customer_data);
LINE: 124
CODE: $results = $this->model_sale_customer->getCustomers($customer_data);
LINE: 126
CODE: $this->load->model('customer/customer');
NOT FOUND!
FILE: admin/controller/tool/backup.php
CODE: $this->error['warning'] = $this->language->get('error_empty');
LINE: 25
CODE: public function index() {
LINE: 4
FILE: admin/view/template/tool/backup.tpl
CODE: <input type="file" name="import" id="input-import" />
LINE: 36
FILE: admin/model/tool/backup.php
CODE: $values .= '\'' . $value . '\', ';
LINE: 83
CODE: $output .= 'TRUNCATE TABLE `' . $table . '`;' . "\n\n";
LINE: 47
CODE: $sql = trim($sql);
LINE: 4
FILE: catalog/controller/common/header.php
CODE: $categories = $this->model_catalog_category->getCategories(0);
LINE: 88
FILE: catalog/controller/common/footer.php
CODE: foreach ($this->model_catalog_information->getInformations() as $result) {
LINE: 24
FILE: system/library/response.php
CODE: if ($this->output) {
LINE: 58
FILE: catalog/model/tool/image.php
CODE: return $this->config->get('config_ssl') . 'image/' . $new_image;
LINE: 37
CODE: return $this->config->get('config_url') . 'image/' . $new_image;
LINE: 39
CODE: return $this->config->get('config_ssl') . 'image/' . $image_new;
NOT FOUND!
CODE: return $this->config->get('config_url') . 'image/' . $image_new;
NOT FOUND!
CODE: public function resize($filename, $width, $height) {
LINE: 2
CODE: $image->resize($width, $height);
LINE: 29
FILE: admin/model/extension/module.php
CODE: $this->db->query("DELETE FROM `" . DB_PREFIX . "layout_module` WHERE `code` LIKE '%." . (int)$module_id . "'");
LINE: 12
CODE: public function deleteModulesByCode($code) {
LINE: 37
FILE: admin/model/design/layout.php
CODE: $query = $this->db->query("SELECT * FROM " . DB_PREFIX . "layout_module WHERE layout_id = '" . (int)$layout_id . "'");
LINE: 110
CODE: $query = $this->db->query("SELECT * FROM " . DB_PREFIX . "layout_module WHERE layout_id = '" . (int)$layout_id . "' ORDER BY position ASC, sort_order ASC");
NOT FOUND!
CODE: $this->db->query("DELETE FROM " . DB_PREFIX . "layout_module WHERE layout_id = '" . (int)$layout_id . "'");
LINE: 39
FILE: catalog/controller/common/content_top.php
CODE: $part = explode('.', $module['code']);
LINE: 46
FILE: catalog/controller/common/content_bottom.php
CODE: $part = explode('.', $module['code']);
LINE: 46
FILE: catalog/controller/common/column_left.php
CODE: $part = explode('.', $module['code']);
LINE: 48
FILE: catalog/controller/common/column_right.php
CODE: $part = explode('.', $module['code']);
LINE: 46
FILE: catalog/model/design/layout.php
CODE: $query = $this->db->query("SELECT * FROM " . DB_PREFIX . "layout_route WHERE '" . $this->db->escape($route) . "' LIKE route AND store_id = '" . (int)$this->config->get('config_store_id') . "' ORDER BY route DESC LIMIT 1");
LINE: 3
CODE: $query = $this->db->query("SELECT * FROM " . DB_PREFIX . "layout_module WHERE layout_id = '" . (int)$layout_id . "' AND position = '" . $this->db->escape($position) . "' ORDER BY sort_order");
LINE: 13
FILE: catalog/controller/product/product.php
CODE: if ((float)$product_info['special']) {
LINE: 311
CODE: $data['products'][] = array(
LINE: 449
CODE: 'special'     => $special,
LINE: 455
FILE: catalog/controller/product/category.php
CODE: $data['products'][] = array(
LINE: 223
CODE: 'special'     => $special,
LINE: 229
FILE: catalog/controller/product/manufacturer.php
CODE: $data['products'][] = array(
LINE: 224
CODE: 'special'     => $special,
LINE: 230
FILE: catalog/controller/product/search.php
CODE: $data['products'][] = array(
LINE: 256
CODE: 'special'     => $special,
LINE: 262
FILE: catalog/controller/product/special.php
CODE: $data['products'][] = array(
LINE: 141
CODE: 'special'     => $special,
LINE: 147
FILE: catalog/controller/checkout/cart.php
CODE: $json['success'] = sprintf($this->language->get('text_success'), $this->url->link('product/product', 'product_id=' . $this->request->post['product_id']), $product_info['name'], $this->url->link('checkout/cart'));
LINE: 343
FILE: catalog/controller/account/wishlist.php
CODE: $json['total'] = sprintf($this->language->get('text_wishlist'), (isset($this->session->data['wishlist']) ? count($this->session->data['wishlist']) : 0));
LINE: 175
CODE: $json['total'] = sprintf($this->language->get('text_wishlist'), $this->model_account_wishlist->getTotalWishlist());
NOT FOUND!
FILE: catalog/controller/product/compare.php
CODE: $json['success'] = sprintf($this->language->get('text_success'), $this->url->link('product/product', 'product_id=' . $this->request->post['product_id']), $product_info['name'], $this->url->link('product/compare'));
LINE: 195
FILE: catalog/controller/common/cart.php
CODE: $image = '';
LINE: 59
CODE: $image = '';
LINE: 93
CODE: $data['popup'] = '';
LINE: 285
CODE: $data['thumb'] = '';
LINE: 291
CODE: $data['manufacturer'] = $product_info['manufacturer'];
LINE: 266
CODE: $this->model_tool_image->resize($option_value['image'], 50, 50),
LINE: 381
CODE: $data['popup'] = $this->model_tool_image->resize($product_info['image'], $this->config->get('config_image_popup_width'), $this->config->get('config_image_popup_height'));
LINE: 304
CODE: $data['thumb'] = $this->model_tool_image->resize($product_info['image'], $this->config->get('config_image_thumb_width'), $this->config->get('config_image_thumb_height'));
LINE: 311
CODE: $data['popup'] = $this->model_tool_image->resize($product_info['image'], $this->config->get($this->config->get('config_theme') . '_image_popup_width'), $this->config->get($this->config->get('config_theme') . '_image_popup_height'));
NOT FOUND!
CODE: $data['thumb'] = $this->model_tool_image->resize($product_info['image'], $this->config->get($this->config->get('config_theme') . '_image_thumb_width'), $this->config->get($this->config->get('config_theme') . '_image_thumb_height'));
NOT FOUND!
CODE: $data['popup'] = $this->model_tool_image->resize($product_info['image'], $this->config->get($this->config->get('config_theme') . '_image_popup_width'), $this->config->get($this->config->get('config_theme') . '_image_popup_height'));
NOT FOUND!
CODE: $data['images'][] = array(
LINE: 321
CODE: $this->load->model('catalog/product');
LINE: 156
CODE: if ($product_info['quantity'] <= 0) {
LINE: 304
CODE: 'thumb'       => $image,
LINE: 486
CODE: $this->load->model('catalog/product');
LINE: 5
LINE: 179
CODE: 'thumb'        => $image,
LINE: 118
CODE: $this->load->model('catalog/product');
LINE: 11
LINE: 155
CODE: 'thumb'      => $image,
LINE: 110
CODE: $this->load->model('catalog/product');
LINE: 7
CODE: 'thumb'       => $image,
LINE: 228
CODE: $this->load->model('catalog/product');
LINE: 72
CODE: 'thumb'       => $image,
LINE: 229
CODE: $this->load->model('catalog/product');
LINE: 7
CODE: 'thumb'       => $image,
LINE: 261
CODE: $this->load->model('catalog/product');
LINE: 5
CODE: 'thumb'       => $image,
LINE: 146
FILE: catalog/controller/module/bestseller.php
CODE: $this->load->model('catalog/product');
LINE: 13
CODE: 'thumb'       => $image,
LINE: 58
FILE: catalog/controller/module/latest.php
CODE: $this->load->model('catalog/product');
LINE: 13
CODE: 'thumb'       => $image,
LINE: 65
FILE: catalog/controller/module/special.php
CODE: $this->load->model('catalog/product');
LINE: 13
CODE: 'thumb'       => $image,
LINE: 65
FILE: catalog/controller/module/featured.php
CODE: $this->load->model('catalog/product');
LINE: 13
CODE: 'thumb'       => $image,
LINE: 64
CODE: $data['products'][] = array(
LINE: 493
CODE: 'thumb'       => $image,
LINE: 495
CODE: $data['products'][] = array(
LINE: 235
CODE: 'thumb'       => $image,
LINE: 237
CODE: $data['products'][] = array(
LINE: 236
CODE: 'thumb'       => $image,
LINE: 238
CODE: $data['products'][] = array(
LINE: 268
CODE: 'thumb'       => $image,
LINE: 270
CODE: $data['products'][] = array(
LINE: 153
CODE: 'thumb'       => $image,
LINE: 155
CODE: $data['products'][] = array(
LINE: 65
CODE: 'thumb'       => $image,
LINE: 67
CODE: $data['products'][] = array(
LINE: 72
CODE: 'thumb'       => $image,
LINE: 74
CODE: $data['products'][] = array(
LINE: 72
CODE: 'thumb'       => $image,
LINE: 74
CODE: $data['products'][] = array(
LINE: 71
CODE: 'thumb'       => $image,
LINE: 73
FILE: catalog/controller/feed/google_sitemap.php
CODE: $output .= '</urlset>';
LINE: 84
FILE: catalog/controller/common/seo_url.php
CODE: if ($query->num_rows) {
LINE: 42
CODE: if ($url[0] == 'product_id') {
LINE: 54
CODE: if (!isset($this->request->get['route'])) {
LINE: 91
CODE: public function rewrite($link) {
LINE: 109
CODE: $key == 'path'
LINE: 150
CODE: if ($url) {
LINE: 174
CODE: $layout_id = 0;
LINE: 11
CODE: $layout_id = 0;
LINE: 11
CODE: $layout_id = 0;
LINE: 11
CODE: $layout_id = 0;
LINE: 11
FILE: admin/controller/common/filemanager.php
CODE: . 'catalog
LINE: 13
LINE: 15
LINE: 70
LINE: 212
LINE: 214
LINE: 295
LINE: 297
LINE: 351
CODE: realpath($directory . '/' . $filter_name))
NOT FOUND!
CODE: $name = str_split(basename($image), 14);
LINE: 58
CODE: } elseif (is_file($image)) {
LINE: 78
FILE: admin/view/template/common/filemanager.tpl
CODE: class="modal-dialog modal-lg"
LINE: 47
CODE: $('a.directory').on('click', function(e) {
LINE: 130
CODE: //--></script>
LINE: 297
CODE: <?php } else { ?>
LINE: 104
CODE: $('#modal-image').load($(this).attr('href'));
LINE: 133
LINE: 139
LINE: 145
LINE: 151
FILE: catalog/controller/checkout/checkout.php
CODE: $data['breadcrumbs'] = array();
LINE: 43
FILE: admin/model/localisation/currency.php
CODE: $this->db->query("UPDATE " . DB_PREFIX . "currency SET value = '1.00000', date_modified = '" .  $this->db->escape(date('Y-m-d H:i:s')) . "' WHERE code = '" . $this->db->escape($this->config->get('config_currency')) . "'");
LINE: 140
FILE: catalog/controller/common/maintenance.php
CODE: if (($route != 'payment' && $route != 'api') && !$this->user->isLogged()) {
NOT FOUND!
----------------------------------------------------------------
